<?xml version="1.0" encoding="UTF-8"?>
<testsuite xmlns:xsi="http://www.w3.org/2001/XMLSchema-instance" xsi:noNamespaceSchemaLocation="https://maven.apache.org/surefire/maven-surefire-plugin/xsd/surefire-test-report-3.0.xsd" version="3.0" name="omo.sem.objects.location.HouseTest" time="0.012" tests="1" errors="0" skipped="0" failures="0">
  <properties>
[...]
</properties>
  <testcase name="checkHouseBuilder" classname="omo.sem.objects.location.HouseTest" time="0.007">
    <system-err><![CDATA[Jan 24, 2024 12:48:56 AM omo.sem.objects.device.fridge.state.FridgeIdleState <init>
INFO: Fridge in room "Kitchen" is not being used now [Day: 1, Hour: 2, Min: 0]
]]></system-err>
  </testcase>
</testsuite>