<?xml version="1.0" encoding="UTF-8"?>
<testsuite xmlns:xsi="http://www.w3.org/2001/XMLSchema-instance" xsi:noNamespaceSchemaLocation="https://maven.apache.org/surefire/maven-surefire-plugin/xsd/surefire-test-report-3.0.xsd" version="3.0" name="omo.sem.objects.device.DeviceTest" time="0.404" tests="6" errors="0" skipped="0" failures="2">
  <properties>
[...]
</properties>
  <testcase name="checkUsingState" classname="omo.sem.objects.device.DeviceTest" time="0.269">
    <system-err><![CDATA[Jan 24, 2024 12:48:56 AM omo.sem.objects.device.tv.state.TvIdleState <init>
INFO: Tv in room "Bedroom" is not being used now [Day: 1, Hour: 0, Min: 0]
Jan 24, 2024 12:48:56 AM omo.sem.objects.device.fridge.state.FridgeIdleState <init>
INFO: Fridge in room "Kitchen" is not being used now [Day: 1, Hour: 0, Min: 0]
Jan 24, 2024 12:48:56 AM omo.sem.objects.resident.person.adult.state.AdultDeviceUsingState <init>
INFO: Adult "Sebek" started using object "Tv" [Day: 1, Hour: 0, Min: 0]
Jan 24, 2024 12:48:56 AM omo.sem.objects.device.tv.state.TvUsingState <init>
INFO: TV in room "Bedroom" is being used now [Day: 1, Hour: 0, Min: 0]
]]></system-err>
  </testcase>
  <testcase name="checkOnState" classname="omo.sem.objects.device.DeviceTest" time="0.015">
    <failure message="expected: &lt;true&gt; but was: &lt;false&gt;" type="org.opentest4j.AssertionFailedError"><![CDATA[org.opentest4j.AssertionFailedError: expected: <true> but was: <false>
	at org.junit.jupiter.api.AssertionUtils.fail(AssertionUtils.java:55)
	at org.junit.jupiter.api.AssertTrue.assertTrue(AssertTrue.java:40)
	at org.junit.jupiter.api.AssertTrue.assertTrue(AssertTrue.java:35)
	at org.junit.jupiter.api.Assertions.assertTrue(Assertions.java:179)
	at omo.sem.objects.device.DeviceTest.checkOnState(DeviceTest.java:101)
	at java.base/jdk.internal.reflect.DirectMethodHandleAccessor.invoke(DirectMethodHandleAccessor.java:104)
	at java.base/java.lang.reflect.Method.invoke(Method.java:578)
	at org.junit.platform.commons.util.ReflectionUtils.invokeMethod(ReflectionUtils.java:725)
	at org.junit.jupiter.engine.execution.MethodInvocation.proceed(MethodInvocation.java:60)
	at org.junit.jupiter.engine.execution.InvocationInterceptorChain$ValidatingInvocation.proceed(InvocationInterceptorChain.java:131)
	at org.junit.jupiter.engine.extension.TimeoutExtension.intercept(TimeoutExtension.java:149)
	at org.junit.jupiter.engine.extension.TimeoutExtension.interceptTestableMethod(TimeoutExtension.java:140)
	at org.junit.jupiter.engine.extension.TimeoutExtension.interceptTestMethod(TimeoutExtension.java:84)
	at org.junit.jupiter.engine.execution.ExecutableInvoker$ReflectiveInterceptorCall.lambda$ofVoidMethod$0(ExecutableInvoker.java:115)
	at org.junit.jupiter.engine.execution.ExecutableInvoker.lambda$invoke$0(ExecutableInvoker.java:105)
	at org.junit.jupiter.engine.execution.InvocationInterceptorChain$InterceptedInvocation.proceed(InvocationInterceptorChain.java:106)
	at org.junit.jupiter.engine.execution.InvocationInterceptorChain.proceed(InvocationInterceptorChain.java:64)
	at org.junit.jupiter.engine.execution.InvocationInterceptorChain.chainAndInvoke(InvocationInterceptorChain.java:45)
	at org.junit.jupiter.engine.execution.InvocationInterceptorChain.invoke(InvocationInterceptorChain.java:37)
	at org.junit.jupiter.engine.execution.ExecutableInvoker.invoke(ExecutableInvoker.java:104)
	at org.junit.jupiter.engine.execution.ExecutableInvoker.invoke(ExecutableInvoker.java:98)
	at org.junit.jupiter.engine.descriptor.TestMethodTestDescriptor.lambda$invokeTestMethod$7(TestMethodTestDescriptor.java:214)
	at org.junit.platform.engine.support.hierarchical.ThrowableCollector.execute(ThrowableCollector.java:73)
	at org.junit.jupiter.engine.descriptor.TestMethodTestDescriptor.invokeTestMethod(TestMethodTestDescriptor.java:210)
	at org.junit.jupiter.engine.descriptor.TestMethodTestDescriptor.execute(TestMethodTestDescriptor.java:135)
	at org.junit.jupiter.engine.descriptor.TestMethodTestDescriptor.execute(TestMethodTestDescriptor.java:66)
	at org.junit.platform.engine.support.hierarchical.NodeTestTask.lambda$executeRecursively$6(NodeTestTask.java:151)
	at org.junit.platform.engine.support.hierarchical.ThrowableCollector.execute(ThrowableCollector.java:73)
	at org.junit.platform.engine.support.hierarchical.NodeTestTask.lambda$executeRecursively$8(NodeTestTask.java:141)
	at org.junit.platform.engine.support.hierarchical.Node.around(Node.java:137)
	at org.junit.platform.engine.support.hierarchical.NodeTestTask.lambda$executeRecursively$9(NodeTestTask.java:139)
	at org.junit.platform.engine.support.hierarchical.ThrowableCollector.execute(ThrowableCollector.java:73)
	at org.junit.platform.engine.support.hierarchical.NodeTestTask.executeRecursively(NodeTestTask.java:138)
	at org.junit.platform.engine.support.hierarchical.NodeTestTask.execute(NodeTestTask.java:95)
	at java.base/java.util.ArrayList.forEach(ArrayList.java:1511)
	at org.junit.platform.engine.support.hierarchical.SameThreadHierarchicalTestExecutorService.invokeAll(SameThreadHierarchicalTestExecutorService.java:41)
	at org.junit.platform.engine.support.hierarchical.NodeTestTask.lambda$executeRecursively$6(NodeTestTask.java:155)
	at org.junit.platform.engine.support.hierarchical.ThrowableCollector.execute(ThrowableCollector.java:73)
	at org.junit.platform.engine.support.hierarchical.NodeTestTask.lambda$executeRecursively$8(NodeTestTask.java:141)
	at org.junit.platform.engine.support.hierarchical.Node.around(Node.java:137)
	at org.junit.platform.engine.support.hierarchical.NodeTestTask.lambda$executeRecursively$9(NodeTestTask.java:139)
	at org.junit.platform.engine.support.hierarchical.ThrowableCollector.execute(ThrowableCollector.java:73)
	at org.junit.platform.engine.support.hierarchical.NodeTestTask.executeRecursively(NodeTestTask.java:138)
	at org.junit.platform.engine.support.hierarchical.NodeTestTask.execute(NodeTestTask.java:95)
	at java.base/java.util.ArrayList.forEach(ArrayList.java:1511)
	at org.junit.platform.engine.support.hierarchical.SameThreadHierarchicalTestExecutorService.invokeAll(SameThreadHierarchicalTestExecutorService.java:41)
	at org.junit.platform.engine.support.hierarchical.NodeTestTask.lambda$executeRecursively$6(NodeTestTask.java:155)
	at org.junit.platform.engine.support.hierarchical.ThrowableCollector.execute(ThrowableCollector.java:73)
	at org.junit.platform.engine.support.hierarchical.NodeTestTask.lambda$executeRecursively$8(NodeTestTask.java:141)
	at org.junit.platform.engine.support.hierarchical.Node.around(Node.java:137)
	at org.junit.platform.engine.support.hierarchical.NodeTestTask.lambda$executeRecursively$9(NodeTestTask.java:139)
	at org.junit.platform.engine.support.hierarchical.ThrowableCollector.execute(ThrowableCollector.java:73)
	at org.junit.platform.engine.support.hierarchical.NodeTestTask.executeRecursively(NodeTestTask.java:138)
	at org.junit.platform.engine.support.hierarchical.NodeTestTask.execute(NodeTestTask.java:95)
	at org.junit.platform.engine.support.hierarchical.SameThreadHierarchicalTestExecutorService.submit(SameThreadHierarchicalTestExecutorService.java:35)
	at org.junit.platform.engine.support.hierarchical.HierarchicalTestExecutor.execute(HierarchicalTestExecutor.java:57)
	at org.junit.platform.engine.support.hierarchical.HierarchicalTestEngine.execute(HierarchicalTestEngine.java:54)
	at org.junit.platform.launcher.core.EngineExecutionOrchestrator.execute(EngineExecutionOrchestrator.java:107)
	at org.junit.platform.launcher.core.EngineExecutionOrchestrator.execute(EngineExecutionOrchestrator.java:88)
	at org.junit.platform.launcher.core.EngineExecutionOrchestrator.lambda$execute$0(EngineExecutionOrchestrator.java:54)
	at org.junit.platform.launcher.core.EngineExecutionOrchestrator.withInterceptedStreams(EngineExecutionOrchestrator.java:67)
	at org.junit.platform.launcher.core.EngineExecutionOrchestrator.execute(EngineExecutionOrchestrator.java:52)
	at org.junit.platform.launcher.core.DefaultLauncher.execute(DefaultLauncher.java:114)
	at org.junit.platform.launcher.core.DefaultLauncher.execute(DefaultLauncher.java:86)
	at org.junit.platform.launcher.core.DefaultLauncherSession$DelegatingLauncher.execute(DefaultLauncherSession.java:86)
	at org.apache.maven.surefire.junitplatform.LazyLauncher.execute(LazyLauncher.java:56)
	at org.apache.maven.surefire.junitplatform.JUnitPlatformProvider.execute(JUnitPlatformProvider.java:184)
	at org.apache.maven.surefire.junitplatform.JUnitPlatformProvider.invokeAllTests(JUnitPlatformProvider.java:148)
	at org.apache.maven.surefire.junitplatform.JUnitPlatformProvider.invoke(JUnitPlatformProvider.java:122)
	at org.apache.maven.surefire.booter.ForkedBooter.runSuitesInProcess(ForkedBooter.java:385)
	at org.apache.maven.surefire.booter.ForkedBooter.execute(ForkedBooter.java:162)
	at org.apache.maven.surefire.booter.ForkedBooter.run(ForkedBooter.java:507)
	at org.apache.maven.surefire.booter.ForkedBooter.main(ForkedBooter.java:495)
]]></failure>
    <system-err><![CDATA[Jan 24, 2024 12:48:56 AM omo.sem.objects.device.tv.state.TvIdleState <init>
INFO: Tv in room "Bedroom" is not being used now [Day: 1, Hour: 0, Min: 0]
Jan 24, 2024 12:48:56 AM omo.sem.objects.device.fridge.state.FridgeIdleState <init>
INFO: Fridge in room "Kitchen" is not being used now [Day: 1, Hour: 0, Min: 0]
]]></system-err>
  </testcase>
  <testcase name="checkFixingState" classname="omo.sem.objects.device.DeviceTest" time="0.014">
    <system-err><![CDATA[Jan 24, 2024 12:48:56 AM omo.sem.objects.device.tv.state.TvIdleState <init>
INFO: Tv in room "Bedroom" is not being used now [Day: 1, Hour: 0, Min: 0]
Jan 24, 2024 12:48:56 AM omo.sem.objects.device.fridge.state.FridgeIdleState <init>
INFO: Fridge in room "Kitchen" is not being used now [Day: 1, Hour: 0, Min: 0]
Jan 24, 2024 12:48:56 AM omo.sem.objects.resident.HouseResident moveTo
INFO: Adult "Vova" moved from room "Kitchen" to room "Kitchen" [Day: 1, Hour: 0, Min: 0]
Jan 24, 2024 12:48:56 AM omo.sem.objects.resident.HouseResident moveTo
INFO: Adult "Sebek" moved from room "Bedroom" to room "Kitchen" [Day: 1, Hour: 0, Min: 0]
Jan 24, 2024 12:48:56 AM omo.sem.objects.resident.HouseResident moveTo
INFO: Adult "Vova" moved from room "Kitchen" to room "Kitchen" [Day: 1, Hour: 0, Min: 0]
Jan 24, 2024 12:48:56 AM omo.sem.objects.resident.HouseResident moveTo
INFO: Adult "Sebek" moved from room "Bedroom" to room "Kitchen" [Day: 1, Hour: 0, Min: 0]
Jan 24, 2024 12:48:56 AM omo.sem.objects.device.fridge.state.FridgeBrokenState <init>
INFO: Fridge in room "Kitchen" is broken now [Day: 1, Hour: 0, Min: 0]
Jan 24, 2024 12:48:56 AM omo.sem.objects.resident.person.adult.state.AdultDeviceFixingState <init>
INFO: Adult "Sebek" started fixing object "Fridge" [Day: 1, Hour: 0, Min: 0]
Jan 24, 2024 12:48:56 AM omo.sem.objects.device.Documentation fixDevice
INFO: Reading manual for the device "Fridge"... [Day: 1, Hour: 0, Min: 0]
Jan 24, 2024 12:48:56 AM omo.sem.objects.device.fridge.state.FridgeFixingState <init>
INFO: Fridge in room "Kitchen" is being fixed now [Day: 1, Hour: 0, Min: 0]
]]></system-err>
  </testcase>
  <testcase name="checkBrokenState" classname="omo.sem.objects.device.DeviceTest" time="0.008">
    <system-err><![CDATA[Jan 24, 2024 12:48:56 AM omo.sem.objects.device.tv.state.TvIdleState <init>
INFO: Tv in room "Bedroom" is not being used now [Day: 1, Hour: 0, Min: 0]
Jan 24, 2024 12:48:56 AM omo.sem.objects.device.fridge.state.FridgeIdleState <init>
INFO: Fridge in room "Kitchen" is not being used now [Day: 1, Hour: 0, Min: 0]
Jan 24, 2024 12:48:56 AM omo.sem.objects.resident.HouseResident moveTo
INFO: Adult "Vova" moved from room "Kitchen" to room "Kitchen" [Day: 1, Hour: 0, Min: 0]
Jan 24, 2024 12:48:56 AM omo.sem.objects.resident.HouseResident moveTo
INFO: Adult "Sebek" moved from room "Bedroom" to room "Kitchen" [Day: 1, Hour: 0, Min: 0]
Jan 24, 2024 12:48:56 AM omo.sem.objects.device.fridge.state.FridgeBrokenState <init>
INFO: Fridge in room "Kitchen" is broken now [Day: 1, Hour: 0, Min: 0]
]]></system-err>
  </testcase>
  <testcase name="checkCompleteFixing" classname="omo.sem.objects.device.DeviceTest" time="0.012">
    <system-err><![CDATA[Jan 24, 2024 12:48:56 AM omo.sem.objects.device.tv.state.TvIdleState <init>
INFO: Tv in room "Bedroom" is not being used now [Day: 1, Hour: 0, Min: 0]
Jan 24, 2024 12:48:56 AM omo.sem.objects.device.fridge.state.FridgeIdleState <init>
INFO: Fridge in room "Kitchen" is not being used now [Day: 1, Hour: 0, Min: 0]
Jan 24, 2024 12:48:56 AM omo.sem.objects.resident.HouseResident moveTo
INFO: Adult "Vova" moved from room "Kitchen" to room "Kitchen" [Day: 1, Hour: 0, Min: 0]
Jan 24, 2024 12:48:56 AM omo.sem.objects.resident.person.adult.state.AdultDeviceFixingState <init>
INFO: Adult "Vova" started fixing object "Fridge" [Day: 1, Hour: 0, Min: 0]
Jan 24, 2024 12:48:56 AM omo.sem.objects.device.Documentation fixDevice
INFO: Reading manual for the device "Fridge"... [Day: 1, Hour: 0, Min: 0]
Jan 24, 2024 12:48:56 AM omo.sem.objects.device.fridge.state.FridgeFixingState <init>
INFO: Fridge in room "Kitchen" is being fixed now [Day: 1, Hour: 0, Min: 0]
Jan 24, 2024 12:48:56 AM omo.sem.objects.resident.HouseResident moveTo
INFO: Adult "Sebek" moved from room "Bedroom" to room "Kitchen" [Day: 1, Hour: 0, Min: 0]
Jan 24, 2024 12:48:56 AM omo.sem.objects.device.fridge.state.FridgeBrokenState <init>
INFO: Fridge in room "Kitchen" is broken now [Day: 1, Hour: 0, Min: 0]
Jan 24, 2024 12:48:56 AM omo.sem.objects.resident.person.adult.state.AdultDeviceFixingState <init>
INFO: Adult "Sebek" started fixing object "Fridge" [Day: 1, Hour: 0, Min: 0]
Jan 24, 2024 12:48:56 AM omo.sem.objects.device.Documentation fixDevice
INFO: Reading manual for the device "Fridge"... [Day: 1, Hour: 0, Min: 0]
Jan 24, 2024 12:48:56 AM omo.sem.objects.device.fridge.state.FridgeFixingState <init>
INFO: Fridge in room "Kitchen" is being fixed now [Day: 1, Hour: 0, Min: 0]
Jan 24, 2024 12:48:56 AM omo.sem.objects.resident.person.adult.Adult completeFixingDevice
INFO: Adult "Sebek" fixed the object "Fridge" [Day: 1, Hour: 0, Min: 0]
Jan 24, 2024 12:48:56 AM omo.sem.objects.device.fridge.state.FridgeIdleState <init>
INFO: Fridge in room "Kitchen" is not being used now [Day: 1, Hour: 0, Min: 0]
]]></system-err>
  </testcase>
  <testcase name="checkOffState" classname="omo.sem.objects.device.DeviceTest" time="0.006">
    <failure message="expected: &lt;true&gt; but was: &lt;false&gt;" type="org.opentest4j.AssertionFailedError"><![CDATA[org.opentest4j.AssertionFailedError: expected: <true> but was: <false>
	at org.junit.jupiter.api.AssertionUtils.fail(AssertionUtils.java:55)
	at org.junit.jupiter.api.AssertTrue.assertTrue(AssertTrue.java:40)
	at org.junit.jupiter.api.AssertTrue.assertTrue(AssertTrue.java:35)
	at org.junit.jupiter.api.Assertions.assertTrue(Assertions.java:179)
	at omo.sem.objects.device.DeviceTest.checkOffState(DeviceTest.java:116)
	at java.base/jdk.internal.reflect.DirectMethodHandleAccessor.invoke(DirectMethodHandleAccessor.java:104)
	at java.base/java.lang.reflect.Method.invoke(Method.java:578)
	at org.junit.platform.commons.util.ReflectionUtils.invokeMethod(ReflectionUtils.java:725)
	at org.junit.jupiter.engine.execution.MethodInvocation.proceed(MethodInvocation.java:60)
	at org.junit.jupiter.engine.execution.InvocationInterceptorChain$ValidatingInvocation.proceed(InvocationInterceptorChain.java:131)
	at org.junit.jupiter.engine.extension.TimeoutExtension.intercept(TimeoutExtension.java:149)
	at org.junit.jupiter.engine.extension.TimeoutExtension.interceptTestableMethod(TimeoutExtension.java:140)
	at org.junit.jupiter.engine.extension.TimeoutExtension.interceptTestMethod(TimeoutExtension.java:84)
	at org.junit.jupiter.engine.execution.ExecutableInvoker$ReflectiveInterceptorCall.lambda$ofVoidMethod$0(ExecutableInvoker.java:115)
	at org.junit.jupiter.engine.execution.ExecutableInvoker.lambda$invoke$0(ExecutableInvoker.java:105)
	at org.junit.jupiter.engine.execution.InvocationInterceptorChain$InterceptedInvocation.proceed(InvocationInterceptorChain.java:106)
	at org.junit.jupiter.engine.execution.InvocationInterceptorChain.proceed(InvocationInterceptorChain.java:64)
	at org.junit.jupiter.engine.execution.InvocationInterceptorChain.chainAndInvoke(InvocationInterceptorChain.java:45)
	at org.junit.jupiter.engine.execution.InvocationInterceptorChain.invoke(InvocationInterceptorChain.java:37)
	at org.junit.jupiter.engine.execution.ExecutableInvoker.invoke(ExecutableInvoker.java:104)
	at org.junit.jupiter.engine.execution.ExecutableInvoker.invoke(ExecutableInvoker.java:98)
	at org.junit.jupiter.engine.descriptor.TestMethodTestDescriptor.lambda$invokeTestMethod$7(TestMethodTestDescriptor.java:214)
	at org.junit.platform.engine.support.hierarchical.ThrowableCollector.execute(ThrowableCollector.java:73)
	at org.junit.jupiter.engine.descriptor.TestMethodTestDescriptor.invokeTestMethod(TestMethodTestDescriptor.java:210)
	at org.junit.jupiter.engine.descriptor.TestMethodTestDescriptor.execute(TestMethodTestDescriptor.java:135)
	at org.junit.jupiter.engine.descriptor.TestMethodTestDescriptor.execute(TestMethodTestDescriptor.java:66)
	at org.junit.platform.engine.support.hierarchical.NodeTestTask.lambda$executeRecursively$6(NodeTestTask.java:151)
	at org.junit.platform.engine.support.hierarchical.ThrowableCollector.execute(ThrowableCollector.java:73)
	at org.junit.platform.engine.support.hierarchical.NodeTestTask.lambda$executeRecursively$8(NodeTestTask.java:141)
	at org.junit.platform.engine.support.hierarchical.Node.around(Node.java:137)
	at org.junit.platform.engine.support.hierarchical.NodeTestTask.lambda$executeRecursively$9(NodeTestTask.java:139)
	at org.junit.platform.engine.support.hierarchical.ThrowableCollector.execute(ThrowableCollector.java:73)
	at org.junit.platform.engine.support.hierarchical.NodeTestTask.executeRecursively(NodeTestTask.java:138)
	at org.junit.platform.engine.support.hierarchical.NodeTestTask.execute(NodeTestTask.java:95)
	at java.base/java.util.ArrayList.forEach(ArrayList.java:1511)
	at org.junit.platform.engine.support.hierarchical.SameThreadHierarchicalTestExecutorService.invokeAll(SameThreadHierarchicalTestExecutorService.java:41)
	at org.junit.platform.engine.support.hierarchical.NodeTestTask.lambda$executeRecursively$6(NodeTestTask.java:155)
	at org.junit.platform.engine.support.hierarchical.ThrowableCollector.execute(ThrowableCollector.java:73)
	at org.junit.platform.engine.support.hierarchical.NodeTestTask.lambda$executeRecursively$8(NodeTestTask.java:141)
	at org.junit.platform.engine.support.hierarchical.Node.around(Node.java:137)
	at org.junit.platform.engine.support.hierarchical.NodeTestTask.lambda$executeRecursively$9(NodeTestTask.java:139)
	at org.junit.platform.engine.support.hierarchical.ThrowableCollector.execute(ThrowableCollector.java:73)
	at org.junit.platform.engine.support.hierarchical.NodeTestTask.executeRecursively(NodeTestTask.java:138)
	at org.junit.platform.engine.support.hierarchical.NodeTestTask.execute(NodeTestTask.java:95)
	at java.base/java.util.ArrayList.forEach(ArrayList.java:1511)
	at org.junit.platform.engine.support.hierarchical.SameThreadHierarchicalTestExecutorService.invokeAll(SameThreadHierarchicalTestExecutorService.java:41)
	at org.junit.platform.engine.support.hierarchical.NodeTestTask.lambda$executeRecursively$6(NodeTestTask.java:155)
	at org.junit.platform.engine.support.hierarchical.ThrowableCollector.execute(ThrowableCollector.java:73)
	at org.junit.platform.engine.support.hierarchical.NodeTestTask.lambda$executeRecursively$8(NodeTestTask.java:141)
	at org.junit.platform.engine.support.hierarchical.Node.around(Node.java:137)
	at org.junit.platform.engine.support.hierarchical.NodeTestTask.lambda$executeRecursively$9(NodeTestTask.java:139)
	at org.junit.platform.engine.support.hierarchical.ThrowableCollector.execute(ThrowableCollector.java:73)
	at org.junit.platform.engine.support.hierarchical.NodeTestTask.executeRecursively(NodeTestTask.java:138)
	at org.junit.platform.engine.support.hierarchical.NodeTestTask.execute(NodeTestTask.java:95)
	at org.junit.platform.engine.support.hierarchical.SameThreadHierarchicalTestExecutorService.submit(SameThreadHierarchicalTestExecutorService.java:35)
	at org.junit.platform.engine.support.hierarchical.HierarchicalTestExecutor.execute(HierarchicalTestExecutor.java:57)
	at org.junit.platform.engine.support.hierarchical.HierarchicalTestEngine.execute(HierarchicalTestEngine.java:54)
	at org.junit.platform.launcher.core.EngineExecutionOrchestrator.execute(EngineExecutionOrchestrator.java:107)
	at org.junit.platform.launcher.core.EngineExecutionOrchestrator.execute(EngineExecutionOrchestrator.java:88)
	at org.junit.platform.launcher.core.EngineExecutionOrchestrator.lambda$execute$0(EngineExecutionOrchestrator.java:54)
	at org.junit.platform.launcher.core.EngineExecutionOrchestrator.withInterceptedStreams(EngineExecutionOrchestrator.java:67)
	at org.junit.platform.launcher.core.EngineExecutionOrchestrator.execute(EngineExecutionOrchestrator.java:52)
	at org.junit.platform.launcher.core.DefaultLauncher.execute(DefaultLauncher.java:114)
	at org.junit.platform.launcher.core.DefaultLauncher.execute(DefaultLauncher.java:86)
	at org.junit.platform.launcher.core.DefaultLauncherSession$DelegatingLauncher.execute(DefaultLauncherSession.java:86)
	at org.apache.maven.surefire.junitplatform.LazyLauncher.execute(LazyLauncher.java:56)
	at org.apache.maven.surefire.junitplatform.JUnitPlatformProvider.execute(JUnitPlatformProvider.java:184)
	at org.apache.maven.surefire.junitplatform.JUnitPlatformProvider.invokeAllTests(JUnitPlatformProvider.java:148)
	at org.apache.maven.surefire.junitplatform.JUnitPlatformProvider.invoke(JUnitPlatformProvider.java:122)
	at org.apache.maven.surefire.booter.ForkedBooter.runSuitesInProcess(ForkedBooter.java:385)
	at org.apache.maven.surefire.booter.ForkedBooter.execute(ForkedBooter.java:162)
	at org.apache.maven.surefire.booter.ForkedBooter.run(ForkedBooter.java:507)
	at org.apache.maven.surefire.booter.ForkedBooter.main(ForkedBooter.java:495)
]]></failure>
    <system-err><![CDATA[Jan 24, 2024 12:48:56 AM omo.sem.objects.device.tv.state.TvIdleState <init>
INFO: Tv in room "Bedroom" is not being used now [Day: 1, Hour: 0, Min: 0]
Jan 24, 2024 12:48:56 AM omo.sem.objects.device.fridge.state.FridgeIdleState <init>
INFO: Fridge in room "Kitchen" is not being used now [Day: 1, Hour: 0, Min: 0]
]]></system-err>
  </testcase>
</testsuite>